app/build/intermediates/manifest_merge_blame_file/debug/manifest-merger-blame-debug-report.txt
1<?xml version="1.0" encoding="utf-8"?>
2<manifest xmlns:android="http://schemas.android.com/apk/res/android"
3    package="net.EasyForm.version1"
4    android:versionCode="1"
5    android:versionName="1.0" >
6
7    <uses-sdk
8        android:minSdkVersion="21"
8-->src\main\AndroidManifest.xml
9        android:targetSdkVersion="29" />
9-->src\main\AndroidManifest.xml
10
11    <uses-permission android:name="android.permission.INTERNET" />
11-->src\main\AndroidManifest.xml:5:5-66
11-->src\main\AndroidManifest.xml:5:22-64
12    <uses-permission android:name="android.permission.ACCESS_NETWORK_STATE" />
12-->[com.google.firebase:firebase-firestore:17.1.2] AndroidManifest.xml:10:5-79
12-->[com.google.firebase:firebase-firestore:17.1.2] AndroidManifest.xml:10:22-76
13
14    <application
14-->src\main\AndroidManifest.xml:7:5-27:19
15        android:allowBackup="true"
15-->src\main\AndroidManifest.xml:8:9-35
16        android:appComponentFactory="androidx.core.app.CoreComponentFactory"
16-->[androidx.core:core:1.0.1] AndroidManifest.xml:22:18-86
17        android:debuggable="true"
18        android:icon="@mipmap/ic_launcher"
18-->src\main\AndroidManifest.xml:9:9-43
19        android:label="@string/app_name"
19-->src\main\AndroidManifest.xml:10:9-41
20        android:roundIcon="@mipmap/ic_launcher_round"
20-->src\main\AndroidManifest.xml:11:9-54
21        android:supportsRtl="true"
21-->src\main\AndroidManifest.xml:12:9-35
22        android:theme="@style/AppTheme" >
22-->src\main\AndroidManifest.xml:13:9-40
23        <activity android:name="net.EasyForm.version1.Login" />
23-->src\main\AndroidManifest.xml:14:9-73
23-->src\main\AndroidManifest.xml:14:19-61
24        <activity android:name="net.EasyForm.version1.Register" >
24-->src\main\AndroidManifest.xml:15:9-21:20
24-->src\main\AndroidManifest.xml:15:19-64
25            <intent-filter>
25-->src\main\AndroidManifest.xml:16:13-20:29
26                <action android:name="android.intent.action.MAIN" />
26-->src\main\AndroidManifest.xml:17:17-69
26-->src\main\AndroidManifest.xml:17:25-66
27
28                <category android:name="android.intent.category.LAUNCHER" />
28-->src\main\AndroidManifest.xml:19:17-77
28-->src\main\AndroidManifest.xml:19:27-74
29            </intent-filter>
30        </activity>
31        <activity android:name="net.EasyForm.version1.MainActivity" />
31-->src\main\AndroidManifest.xml:22:9-70
31-->src\main\AndroidManifest.xml:22:19-68
32
33        <meta-data
33-->src\main\AndroidManifest.xml:24:9-26:57
34            android:name="preloaded_fonts"
34-->src\main\AndroidManifest.xml:25:13-43
35            android:resource="@array/preloaded_fonts" />
35-->src\main\AndroidManifest.xml:26:13-54
36
37        <activity
37-->[com.google.firebase:firebase-auth:16.0.5] AndroidManifest.xml:24:9-31:50
38            android:name="com.google.firebase.auth.internal.FederatedSignInActivity"
38-->[com.google.firebase:firebase-auth:16.0.5] AndroidManifest.xml:25:13-85
39            android:excludeFromRecents="true"
39-->[com.google.firebase:firebase-auth:16.0.5] AndroidManifest.xml:26:13-46
40            android:exported="true"
40-->[com.google.firebase:firebase-auth:16.0.5] AndroidManifest.xml:27:13-36
41            android:launchMode="singleTask"
41-->[com.google.firebase:firebase-auth:16.0.5] AndroidManifest.xml:28:13-44
42            android:permission="com.google.firebase.auth.api.gms.permission.LAUNCH_FEDERATED_SIGN_IN"
42-->[com.google.firebase:firebase-auth:16.0.5] AndroidManifest.xml:29:13-102
43            android:theme="@android:style/Theme.Translucent.NoTitleBar" />
43-->[com.google.firebase:firebase-auth:16.0.5] AndroidManifest.xml:30:13-72
44
45        <service
45-->[com.google.firebase:firebase-auth:16.0.5] AndroidManifest.xml:33:9-39:19
46            android:name="com.google.firebase.components.ComponentDiscoveryService"
46-->[com.google.firebase:firebase-auth:16.0.5] AndroidManifest.xml:34:13-84
47            android:exported="false" >
47-->[com.google.firebase:firebase-auth:16.0.5] AndroidManifest.xml:35:13-37
48            <meta-data
48-->[com.google.firebase:firebase-auth:16.0.5] AndroidManifest.xml:36:13-38:85
49                android:name="com.google.firebase.components:com.google.firebase.auth.FirebaseAuthRegistrar"
49-->[com.google.firebase:firebase-auth:16.0.5] AndroidManifest.xml:37:17-109
50                android:value="com.google.firebase.components.ComponentRegistrar" />
50-->[com.google.firebase:firebase-auth:16.0.5] AndroidManifest.xml:38:17-82
51            <meta-data
51-->[com.google.firebase:firebase-firestore:17.1.2] AndroidManifest.xml:15:13-17:85
52                android:name="com.google.firebase.components:com.google.firebase.firestore.FirestoreRegistrar"
52-->[com.google.firebase:firebase-firestore:17.1.2] AndroidManifest.xml:16:17-111
53                android:value="com.google.firebase.components.ComponentRegistrar" />
53-->[com.google.firebase:firebase-firestore:17.1.2] AndroidManifest.xml:17:17-82
54        </service>
55
56        <activity
56-->[com.google.android.gms:play-services-base:16.0.1] AndroidManifest.xml:23:9-26:75
57            android:name="com.google.android.gms.common.api.GoogleApiActivity"
57-->[com.google.android.gms:play-services-base:16.0.1] AndroidManifest.xml:24:13-79
58            android:exported="false"
58-->[com.google.android.gms:play-services-base:16.0.1] AndroidManifest.xml:25:13-37
59            android:theme="@android:style/Theme.Translucent.NoTitleBar" />
59-->[com.google.android.gms:play-services-base:16.0.1] AndroidManifest.xml:26:13-72
60
61        <provider
61-->[com.google.firebase:firebase-common:16.0.3] AndroidManifest.xml:10:9-14:39
62            android:name="com.google.firebase.provider.FirebaseInitProvider"
62-->[com.google.firebase:firebase-common:16.0.3] AndroidManifest.xml:11:13-77
63            android:authorities="net.EasyForm.version1.firebaseinitprovider"
63-->[com.google.firebase:firebase-common:16.0.3] AndroidManifest.xml:12:13-72
64            android:exported="false"
64-->[com.google.firebase:firebase-common:16.0.3] AndroidManifest.xml:13:13-37
65            android:initOrder="100" />
65-->[com.google.firebase:firebase-common:16.0.3] AndroidManifest.xml:14:13-36
66
67        <meta-data
67-->[com.google.android.gms:play-services-basement:16.1.0] AndroidManifest.xml:23:9-25:69
68            android:name="com.google.android.gms.version"
68-->[com.google.android.gms:play-services-basement:16.1.0] AndroidManifest.xml:24:13-58
69            android:value="@integer/google_play_services_version" />
69-->[com.google.android.gms:play-services-basement:16.1.0] AndroidManifest.xml:25:13-66
70    </application>
71
72</manifest>